<?xml version="1.0" encoding="UTF-8"?>
<!-- Generated by org.testng.reporters.JUnitReportReporter -->
<testsuite skipped="0" hostname="FWVDI-APACVM-12.freshworks-corp.com" name="testcases.LoginTestcase" tests="3" failures="0" timestamp="2021-01-07T11:00:51 IST" time="10.808" errors="0">
  <testcase name="noCredentialsVerification" time="3.128" classname="testcases.LoginTestcase"/>
  <system-out/>
  <testcase name="loginWithInvalidCredentials" time="4.113" classname="testcases.LoginTestcase"/>
  <system-out/>
  <testcase name="checkURL" time="3.567" classname="testcases.LoginTestcase"/>
  <system-out/>
</testsuite> <!-- testcases.LoginTestcase -->
