<?xml version="1.0" encoding="UTF-8"?>
<!-- Generated by org.testng.reporters.JUnitReportReporter -->
<testsuite skipped="0" hostname="FWVDI-APACVM-12.freshworks-corp.com" name="testcases.SignupTestcase" tests="2" failures="0" timestamp="2021-01-07T11:00:51 IST" time="15.738" errors="0">
  <testcase name="CLickLoginWithoutCredentials" time="11.419" classname="testcases.SignupTestcase"/>
  <system-out/>
  <testcase name="invalidEmailFormat" time="4.319" classname="testcases.SignupTestcase"/>
  <system-out/>
</testsuite> <!-- testcases.SignupTestcase -->
